VpnResellerApp/app/build/outputs/mapping/release/seeds.txt
com.yourcompany.vpnresellerapp.VpnResellerApplication
com.yourcompany.vpnresellerapp.MainActivity
com.yourcompany.vpnresellerapp.VpnResellerApplication: VpnResellerApplication()
com.yourcompany.vpnresellerapp.ui.theme.ThemeKt: void VpnResellerAppTheme(boolean,boolean,kotlin.jvm.functions.Function2,androidx.compose.runtime.Composer,int,int)
com.yourcompany.vpnresellerapp.MainActivityKt: void Greeting(java.lang.String,androidx.compose.ui.Modifier,androidx.compose.runtime.Composer,int,int)
com.yourcompany.vpnresellerapp.MainActivityKt: void GreetingPreview(androidx.compose.runtime.Composer,int)
com.yourcompany.vpnresellerapp.MainActivity: MainActivity()
...
androidx.core.graphics.drawable.IconCompat
androidx.versionedparcelable.ParcelImpl
androidx.compose.foundation.BorderModifierNodeElement
com.google.android.gms.common.api.GoogleApiActivity
androidx.work.impl.utils.ForceStopRunnable$BroadcastReceiver
androidx.compose.foundation.layout.FillElement
androidx.work.impl.background.systemalarm.RescheduleReceiver
android.support.v4.app.RemoteActionCompatParcelizer
androidx.compose.foundation.HoverableElement
kotlinx.coroutines.internal.StackTraceRecoveryKt
androidx.work.ArrayCreatingInputMerger
androidx.profileinstaller.ProfileInstallerInitializer
androidx.work.impl.background.systemalarm.ConstraintProxy$StorageNotLowProxy
androidx.work.impl.background.systemalarm.ConstraintProxy$BatteryNotLowProxy
androidx.compose.ui.focus.FocusOwnerImpl$modifier$1
androidx.core.app.RemoteActionCompat
com.google.android.gms.common.annotation.KeepName
androidx.work.impl.workers.ConstraintTrackingWorker
androidx.compose.material3.MinimumInteractiveModifier
androidx.compose.ui.semantics.EmptySemanticsElement
com.google.android.gms.dynamite.DynamiteModule$DynamiteLoaderClassLoader
androidx.work.CoroutineWorker
androidx.compose.ui.node.ForceUpdateElement
androidx.compose.ui.semantics.AppendedSemanticsElement
androidx.compose.foundation.text.modifiers.SelectableTextAnnotatedStringElement
kotlinx.coroutines.internal.MainDispatcherFactory
androidx.work.impl.background.systemalarm.SystemAlarmService
androidx.fragment.app.DialogFragment
androidx.compose.ui.input.pointer.SuspendPointerInputElement
androidx.profileinstaller.ProfileInstallReceiver
com.google.android.gms.common.GooglePlayServicesManifestException
com.google.android.gms.auth.api.signin.GoogleSignInOptions
android.support.v4.graphics.drawable.IconCompatParcelizer
androidx.core.app.CoreComponentFactory
androidx.compose.ui.input.pointer.PointerHoverIconModifierElement
androidx.room.MultiInstanceInvalidationService
com.google.android.gms.auth.api.signin.internal.SignInConfiguration
androidx.core.app.RemoteActionCompatParcelizer
com.google.android.gms.auth.api.signin.SignInAccount
kotlinx.coroutines.android.AndroidDispatcherFactory
androidx.work.WorkManagerInitializer
androidx.work.impl.workers.DiagnosticsWorker
androidx.work.impl.WorkDatabase
androidx.work.impl.foreground.SystemForegroundService
com.google.android.gms.common.api.internal.zzd
androidx.work.impl.diagnostics.DiagnosticsReceiver
androidx.work.impl.workers.CombineContinuationsWorker
androidx.annotation.Keep
androidx.compose.foundation.layout.WrapContentElement
com.google.android.gms.auth.api.signin.RevocationBoundService
androidx.emoji2.text.EmojiCompatInitializer
com.google.android.gms.common.util.DynamiteApi
com.google.android.gms.common.api.Status
androidx.compose.foundation.text.modifiers.TextAnnotatedStringElement
androidx.compose.foundation.ClickableElement
androidx.work.OverwritingInputMerger
androidx.work.Worker
androidx.work.impl.WorkDatabase_Impl
androidx.work.impl.background.systemalarm.ConstraintProxy$NetworkStateProxy
androidx.compose.foundation.FocusableKt$FocusableInNonTouchModeElement$1
androidx.lifecycle.Lifecycle$Event: androidx.lifecycle.Lifecycle$Event ON_STOP
com.google.android.gms.common.api.Status: android.os.Parcelable$Creator CREATOR
kotlinx.coroutines.internal.LockFreeLinkedListNode: java.lang.Object _removedRef$volatile
kotlinx.coroutines.DefaultExecutor: java.lang.Thread _thread
com.google.android.gms.common.internal.MethodInvocation: android.os.Parcelable$Creator CREATOR
com.google.android.gms.common.Feature: android.os.Parcelable$Creator CREATOR
androidx.work.impl.utils.futures.AbstractFuture: java.lang.Object value
kotlinx.coroutines.CompletedExceptionally: int _handled$volatile
kotlinx.coroutines.CancelledContinuation: int _resumed$volatile
androidx.concurrent.futures.AbstractResolvableFuture$Waiter: androidx.concurrent.futures.AbstractResolvableFuture$Waiter next