VpnResellerApp/app/build/outputs/mapping/release/usage.txt
com.yourcompany.vpnresellerapp.MainActivity:
    public static final int $stable
com.yourcompany.vpnresellerapp.R$color
com.yourcompany.vpnresellerapp.R$drawable
com.yourcompany.vpnresellerapp.R$string
com.yourcompany.vpnresellerapp.R$style
com.yourcompany.vpnresellerapp.R$xml
com.yourcompany.vpnresellerapp.R
com.yourcompany.vpnresellerapp.VpnResellerApplication:
    public static final int $stable
com.yourcompany.vpnresellerapp.core_data.R
com.yourcompany.vpnresellerapp.core_data.model.Invoice
com.yourcompany.vpnresellerapp.core_data.model.Payment
com.yourcompany.vpnresellerapp.core_data.model.Representative
com.yourcompany.vpnresellerapp.core_data.model.Transaction
com.yourcompany.vpnresellerapp.core_domain.R
com.yourcompany.vpnresellerapp.core_domain.repository.RepresentativeRepository
com.yourcompany.vpnresellerapp.core_ui.R
com.yourcompany.vpnresellerapp.feature_accounting.R
com.yourcompany.vpnresellerapp.feature_invoices.R
com.yourcompany.vpnresellerapp.feature_representatives.R
com.yourcompany.vpnresellerapp.feature_settings.R
com.yourcompany.vpnresellerapp.ComposableSingletons$MainActivityKt$lambda-2$1
com.yourcompany.vpnresellerapp.ComposableSingletons$MainActivityKt$lambda-3$1
com.yourcompany.vpnresellerapp.ComposableSingletons$MainActivityKt$lambda-4$1
com.yourcompany.vpnresellerapp.ComposableSingletons$MainActivityKt:
    public static final com.yourcompany.vpnresellerapp.ComposableSingletons$MainActivityKt INSTANCE
    public static kotlin.jvm.functions.Function2 getLambda-1$app_release()
    public static kotlin.jvm.functions.Function2 getLambda-2$app_release()
    public static kotlin.jvm.functions.Function2 getLambda-3$app_release()
    public static kotlin.jvm.functions.Function2 getLambda-4$app_release()
com.yourcompany.vpnresellerapp.MainActivity:
    static void <clinit>()
com.yourcompany.vpnresellerapp.MainActivityKt$Greeting$1:
    public final void invoke(androidx.compose.runtime.Composer,int)
com.yourcompany.vpnresellerapp.MainActivityKt$GreetingPreview$1:
    public final void invoke(androidx.compose.runtime.Composer,int)
com.yourcompany.vpnresellerapp.VpnResellerApplication:
    static void <clinit>()
com.yourcompany.vpnresellerapp.ui.theme.ThemeKt$VpnResellerAppTheme$1
com.yourcompany.vpnresellerapp.ui.theme.ThemeKt$VpnResellerAppTheme$2
com.yourcompany.vpnresellerapp.ui.theme.ThemeKt$VpnResellerAppTheme$3:
    public final void invoke(androidx.compose.runtime.Composer,int)
...
androidx.annotation.ReplaceWith
androidx.annotation.RequiresApi
androidx.annotation.RequiresExtension$Container
androidx.annotation.RequiresExtension
androidx.annotation.RequiresFeature
androidx.annotation.RequiresOptIn$Level
androidx.annotation.RequiresOptIn
androidx.annotation.RequiresPermission$Read
androidx.annotation.RequiresPermission$Write
androidx.annotation.RequiresPermission
androidx.annotation.RestrictTo$Scope
androidx.annotation.RestrictTo
androidx.annotation.ReturnThis
androidx.annotation.Size
androidx.annotation.StringDef
androidx.annotation.StringRes
androidx.annotation.StyleRes
androidx.annotation.StyleableRes
androidx.annotation.TransitionRes
androidx.annotation.UiContext
androidx.annotation.UiThread
androidx.annotation.VisibleForTesting$Companion
androidx.annotation.VisibleForTesting
androidx.annotation.WorkerThread
androidx.annotation.XmlRes
androidx.annotation.experimental.Experimental$Level
androidx.annotation.experimental.Experimental
androidx.annotation.experimental.R
androidx.annotation.experimental.UseExperimental
androidx.arch.core.R
androidx.arch.core.executor.ArchTaskExecutor:
    public static java.util.concurrent.Executor getMainThreadExecutor()
    public void setDelegate(androidx.arch.core.executor.TaskExecutor)
androidx.arch.core.executor.DefaultTaskExecutor$1:
    private static final java.lang.String THREAD_NAME_STEM
androidx.arch.core.executor.DefaultTaskExecutor$Api28Impl:
    private void <init>()
androidx.arch.core.executor.TaskExecutor:
    public void executeOnMainThread(java.lang.Runnable)
androidx.arch.core.util.Function:
    public abstract java.lang.Object apply(java.lang.Object)
androidx.autofill.HintConstants
androidx.autofill.R$attr
androidx.autofill.R$color
androidx.autofill.R$dimen
androidx.autofill.R$drawable
androidx.autofill.R$id
androidx.autofill.R$integer
androidx.autofill.R$layout
androidx.autofill.R$string
androidx.autofill.R$style
androidx.autofill.R$styleable
androidx.autofill.R
androidx.collection.ArrayMap:
    public void <init>(androidx.collection.SimpleArrayMap)
androidx.collection.ArrayMapKt
androidx.collection.ArraySet:
    public void <init>(androidx.collection.ArraySet)
    public void <init>(java.util.Collection)
    public void <init>(java.lang.Object[])
    public final void addAll(androidx.collection.ArraySet)
androidx.collection.ArraySetJvmUtil:
    private void <init>()
androidx.collection.ArraySetKt:
    public static final int ARRAY_SET_BASE_SIZE
    public static final void addAllInternal(androidx.collection.ArraySet,androidx.collection.ArraySet)
    public static final boolean addAllInternal(androidx.collection.ArraySet,java.util.Collection)
    public static final boolean addInternal(androidx.collection.ArraySet,java.lang.Object)
    public static final androidx.collection.ArraySet arraySetOf()
    public static final varargs androidx.collection.ArraySet arraySetOf(java.lang.Object[])
    public static final void clearInternal(androidx.collection.ArraySet)
    public static final boolean containsAllInternal(androidx.collection.ArraySet,java.util.Collection)
    public static final boolean containsInternal(androidx.collection.ArraySet,java.lang.Object)
    public static final void ensureCapacityInternal(androidx.collection.ArraySet,int)
    public static final boolean equalsInternal(androidx.collection.ArraySet,java.lang.Object)
    public static final int hashCodeInternal(androidx.collection.ArraySet)
    public static final int indexOfInternal(androidx.collection.ArraySet,java.lang.Object)
    public static final boolean isEmptyInternal(androidx.collection.ArraySet)
    public static final boolean removeAllInternal(androidx.collection.ArraySet,androidx.collection.ArraySet)
    public static final boolean removeAllInternal(androidx.collection.ArraySet,java.util.Collection)
androidx.collection.CircularArray
androidx.collection.CircularIntArray
androidx.collection.CollectionPlatformUtils
androidx.collection.FloatFloatMap